<?xml version="1.0" encoding="UTF-8"?>
<!-- Generated by org.testng.reporters.JUnitXMLReporter -->
<testsuite ignored="0" hostname="YKULKARNI-WX-LT" failures="1" tests="1" name="Test" time="6.249" errors="0" timestamp="2021-05-30T15:55:41 PDT">
  <testcase classname="Amazon.AmazonWeb.HomePageAddCart" name="SearchItem" time="0.009">
    <failure type="java.lang.NullPointerException" message="Cannot invoke &amp;quot;org.openqa.selenium.WebDriver.findElement(org.openqa.selenium.By)&amp;quot; because &amp;quot;this.driver&amp;quot; is null">
      <![CDATA[java.lang.NullPointerException: Cannot invoke "org.openqa.selenium.WebDriver.findElement(org.openqa.selenium.By)" because "this.driver" is null
at Pages.HomePage.getSearchBar(HomePage.java:19)
at Amazon.AmazonWeb.HomePageAddCart.SearchItem(HomePageAddCart.java:26)
at java.base/java.util.ArrayList.forEach(ArrayList.java:1511)
... Removed 27 stack frames]]>
    </failure>
  </testcase> <!-- SearchItem -->
</testsuite> <!-- Test -->
