<?xml version="1.0" encoding="UTF-8"?>
<testng-results skipped="0" failed="0" ignored="0" total="1" passed="1">
  <reporter-output>
  </reporter-output>
  <suite name="Suite" duration-ms="19553" started-at="2021-05-30T20:42:03 PDT" finished-at="2021-05-30T20:42:22 PDT">
    <groups>
    </groups>
    <test name="Test" duration-ms="19553" started-at="2021-05-30T20:42:03 PDT" finished-at="2021-05-30T20:42:22 PDT">
      <class name="Amazon.AmazonWeb.HomePageAddCart">
        <test-method status="PASS" signature="initilized()[pri:0, instance:Amazon.AmazonWeb.HomePageAddCart@66480dd7]" name="initilized" is-config="true" duration-ms="6652" started-at="2021-05-30T20:42:03 PDT" finished-at="2021-05-30T20:42:09 PDT">
          <reporter-output>
          </reporter-output>
        </test-method> <!-- initilized -->
        <test-method status="PASS" signature="SearchItem()[pri:0, instance:Amazon.AmazonWeb.HomePageAddCart@66480dd7]" name="SearchItem" duration-ms="12851" started-at="2021-05-30T20:42:09 PDT" finished-at="2021-05-30T20:42:22 PDT">
          <reporter-output>
          </reporter-output>
        </test-method> <!-- SearchItem -->
      </class> <!-- Amazon.AmazonWeb.HomePageAddCart -->
    </test> <!-- Test -->
  </suite> <!-- Suite -->
</testng-results>
